2025-01-03 22:22:23 0 [Note] Starting MariaDB 10.11.4-MariaDB source revision 4e2b93dffef2414a11ca5edc8d215f57ee5010e5 as process 27284
2025-01-03 22:22:23 0 [Note] InnoDB: Compressed tables use zlib 1.2.13
2025-01-03 22:22:23 0 [Note] InnoDB: Number of transaction pools: 1
2025-01-03 22:22:23 0 [Note] InnoDB: Using generic crc32 instructions
2025-01-03 22:22:23 0 [Note] libmariadbd-10.11.4.so: O_TMPFILE is not supported on /storage/emulated/0/Venter/HopWeb/Projects/后台个人网站/.hopweb/mysql/tmp (disabling future attempts)
2025-01-03 22:22:23 0 [Note] InnoDB: Initializing buffer pool, total size = 128.000MiB, chunk size = 2.000MiB
2025-01-03 22:22:23 0 [Note] InnoDB: Completed initialization of buffer pool
2025-01-03 22:22:23 0 [Note] InnoDB: Buffered log writes (block size=512 bytes)
2025-01-03 22:22:23 0 [Note] InnoDB: Starting crash recovery from checkpoint LSN=46590
2025-01-03 22:22:23 0 [Note] InnoDB: Starting final batch to recover 8 pages from redo log.
2025-01-03 22:22:23 0 [Note] InnoDB: 128 rollback segments are active.
2025-01-03 22:22:23 0 [Note] InnoDB: Removed temporary tablespace data file: "./ibtmp1"
2025-01-03 22:22:23 0 [Note] InnoDB: Setting file './ibtmp1' size to 12.000MiB. Physically writing the file full; Please wait ...
2025-01-03 22:22:23 0 [Note] InnoDB: File './ibtmp1' size is now 12.000MiB.
2025-01-03 22:22:23 0 [Note] InnoDB: log sequence number 47030; transaction id 16
2025-01-03 22:22:23 0 [Note] InnoDB: Loading buffer pool(s) from /storage/emulated/0/Venter/HopWeb/Projects/后台个人网站/.hopweb/mysql/data/ib_buffer_pool
2025-01-03 22:22:23 0 [Note] Plugin 'FEEDBACK' is disabled.
2025-01-03 22:22:23 0 [Note] InnoDB: Buffer pool(s) load completed at 250103 22:22:23
2025-01-03 22:22:23 0 [Note] Server socket created on IP: '::'.
2025-01-03 22:22:23 0 [Note] Server socket created on IP: '0.0.0.0'.
2025-01-03 22:22:23 0 [Note] /data/app/com.venter.hopweb-t9DwkilEAxwPFXleR6IcoQ==/lib/arm64/libmariadbd-10.11.4.so: ready for connections.
Version: '10.11.4-MariaDB'  socket: '/data/data/com.venter.hopweb/files/mysql/mysql.sock'  port: 3306  MariaDB Server
2025-01-03 22:37:51 0 [Note] Starting MariaDB 10.11.4-MariaDB source revision 4e2b93dffef2414a11ca5edc8d215f57ee5010e5 as process 6976
2025-01-03 22:37:51 0 [Note] InnoDB: Compressed tables use zlib 1.2.13
2025-01-03 22:37:51 0 [Note] InnoDB: Number of transaction pools: 1
2025-01-03 22:37:51 0 [Note] InnoDB: Using generic crc32 instructions
2025-01-03 22:37:51 0 [Note] libmariadbd-10.11.4.so: O_TMPFILE is not supported on /storage/emulated/0/Venter/HopWeb/Projects/后台个人网站/.hopweb/mysql/tmp (disabling future attempts)
2025-01-03 22:37:51 0 [Note] InnoDB: Initializing buffer pool, total size = 128.000MiB, chunk size = 2.000MiB
2025-01-03 22:37:51 0 [Note] InnoDB: Completed initialization of buffer pool
2025-01-03 22:37:51 0 [Note] InnoDB: Buffered log writes (block size=512 bytes)
2025-01-03 22:37:51 0 [Note] InnoDB: Starting crash recovery from checkpoint LSN=46590
2025-01-03 22:37:51 0 [Note] InnoDB: Starting final batch to recover 8 pages from redo log.
2025-01-03 22:37:51 0 [Note] InnoDB: 128 rollback segments are active.
2025-01-03 22:37:51 0 [Note] InnoDB: Removed temporary tablespace data file: "./ibtmp1"
2025-01-03 22:37:51 0 [Note] InnoDB: Setting file './ibtmp1' size to 12.000MiB. Physically writing the file full; Please wait ...
2025-01-03 22:37:51 0 [Note] InnoDB: File './ibtmp1' size is now 12.000MiB.
2025-01-03 22:37:51 0 [Note] InnoDB: log sequence number 47046; transaction id 16
2025-01-03 22:37:51 0 [Note] Plugin 'FEEDBACK' is disabled.
2025-01-03 22:37:51 0 [Note] InnoDB: Loading buffer pool(s) from /storage/emulated/0/Venter/HopWeb/Projects/后台个人网站/.hopweb/mysql/data/ib_buffer_pool
2025-01-03 22:37:51 0 [Note] InnoDB: Buffer pool(s) load completed at 250103 22:37:51
2025-01-03 22:37:51 0 [Note] Server socket created on IP: '::'.
2025-01-03 22:37:51 0 [Note] Server socket created on IP: '0.0.0.0'.
2025-01-03 22:37:51 0 [Note] /data/app/com.venter.hopweb-t9DwkilEAxwPFXleR6IcoQ==/lib/arm64/libmariadbd-10.11.4.so: ready for connections.
Version: '10.11.4-MariaDB'  socket: '/data/data/com.venter.hopweb/files/mysql/mysql.sock'  port: 3306  MariaDB Server
2025-01-03 22:59:20 0 [Note] Starting MariaDB 10.11.4-MariaDB source revision 4e2b93dffef2414a11ca5edc8d215f57ee5010e5 as process 16003
2025-01-03 22:59:20 0 [Note] InnoDB: Compressed tables use zlib 1.2.13
2025-01-03 22:59:20 0 [Note] InnoDB: Number of transaction pools: 1
2025-01-03 22:59:20 0 [Note] InnoDB: Using generic crc32 instructions
2025-01-03 22:59:20 0 [Note] libmariadbd-10.11.4.so: O_TMPFILE is not supported on /storage/emulated/0/Venter/HopWeb/Projects/后台个人网站/.hopweb/mysql/tmp (disabling future attempts)
2025-01-03 22:59:20 0 [Note] InnoDB: Initializing buffer pool, total size = 128.000MiB, chunk size = 2.000MiB
2025-01-03 22:59:20 0 [Note] InnoDB: Completed initialization of buffer pool
2025-01-03 22:59:20 0 [Note] InnoDB: Buffered log writes (block size=512 bytes)
2025-01-03 22:59:20 0 [Note] InnoDB: Starting crash recovery from checkpoint LSN=46590
2025-01-03 22:59:20 0 [Note] InnoDB: Starting final batch to recover 8 pages from redo log.
2025-01-03 22:59:20 0 [Note] InnoDB: 128 rollback segments are active.
2025-01-03 22:59:20 0 [Note] InnoDB: Removed temporary tablespace data file: "./ibtmp1"
2025-01-03 22:59:20 0 [Note] InnoDB: Setting file './ibtmp1' size to 12.000MiB. Physically writing the file full; Please wait ...
2025-01-03 22:59:20 0 [Note] InnoDB: File './ibtmp1' size is now 12.000MiB.
2025-01-03 22:59:20 0 [Note] InnoDB: log sequence number 47062; transaction id 16
2025-01-03 22:59:20 0 [Note] Plugin 'FEEDBACK' is disabled.
2025-01-03 22:59:20 0 [Note] InnoDB: Loading buffer pool(s) from /storage/emulated/0/Venter/HopWeb/Projects/后台个人网站/.hopweb/mysql/data/ib_buffer_pool
2025-01-03 22:59:20 0 [Note] InnoDB: Buffer pool(s) load completed at 250103 22:59:20
2025-01-03 22:59:20 0 [Note] Server socket created on IP: '::'.
2025-01-03 22:59:20 0 [Note] Server socket created on IP: '0.0.0.0'.
2025-01-03 22:59:20 0 [Note] /data/app/com.venter.hopweb-t9DwkilEAxwPFXleR6IcoQ==/lib/arm64/libmariadbd-10.11.4.so: ready for connections.
Version: '10.11.4-MariaDB'  socket: '/data/data/com.venter.hopweb/files/mysql/mysql.sock'  port: 3306  MariaDB Server
2025-01-03 23:30:03 0 [Note] Starting MariaDB 10.11.4-MariaDB source revision 4e2b93dffef2414a11ca5edc8d215f57ee5010e5 as process 26261
2025-01-03 23:30:04 0 [Note] InnoDB: Compressed tables use zlib 1.2.13
2025-01-03 23:30:04 0 [Note] InnoDB: Number of transaction pools: 1
2025-01-03 23:30:04 0 [Note] InnoDB: Using generic crc32 instructions
2025-01-03 23:30:04 0 [Note] libmariadbd-10.11.4.so: O_TMPFILE is not supported on /storage/emulated/0/Venter/HopWeb/Projects/后台个人网站/.hopweb/mysql/tmp (disabling future attempts)
2025-01-03 23:30:04 0 [Note] InnoDB: Initializing buffer pool, total size = 128.000MiB, chunk size = 2.000MiB
2025-01-03 23:30:04 0 [Note] InnoDB: Completed initialization of buffer pool
2025-01-03 23:30:04 0 [Note] InnoDB: Buffered log writes (block size=512 bytes)
2025-01-03 23:30:04 0 [Note] InnoDB: Starting crash recovery from checkpoint LSN=46590
2025-01-03 23:30:04 0 [Note] InnoDB: Starting final batch to recover 8 pages from redo log.
2025-01-03 23:30:04 0 [Note] InnoDB: 128 rollback segments are active.
2025-01-03 23:30:04 0 [Note] InnoDB: Removed temporary tablespace data file: "./ibtmp1"
2025-01-03 23:30:04 0 [Note] InnoDB: Setting file './ibtmp1' size to 12.000MiB. Physically writing the file full; Please wait ...
2025-01-03 23:30:04 0 [Note] InnoDB: File './ibtmp1' size is now 12.000MiB.
2025-01-03 23:30:04 0 [Note] InnoDB: log sequence number 47078; transaction id 16
2025-01-03 23:30:04 0 [Note] Plugin 'FEEDBACK' is disabled.
2025-01-03 23:30:04 0 [Note] InnoDB: Loading buffer pool(s) from /storage/emulated/0/Venter/HopWeb/Projects/后台个人网站/.hopweb/mysql/data/ib_buffer_pool
2025-01-03 23:30:04 0 [Note] InnoDB: Buffer pool(s) load completed at 250103 23:30:04
2025-01-03 23:30:04 0 [Note] Server socket created on IP: '::'.
2025-01-03 23:30:04 0 [Note] Server socket created on IP: '0.0.0.0'.
2025-01-03 23:30:04 0 [Note] /data/app/com.venter.hopweb-t9DwkilEAxwPFXleR6IcoQ==/lib/arm64/libmariadbd-10.11.4.so: ready for connections.
Version: '10.11.4-MariaDB'  socket: '/data/data/com.venter.hopweb/files/mysql/mysql.sock'  port: 3306  MariaDB Server
2025-01-03 23:44:54 0 [Note] Starting MariaDB 10.11.4-MariaDB source revision 4e2b93dffef2414a11ca5edc8d215f57ee5010e5 as process 29923
2025-01-03 23:44:54 0 [Note] InnoDB: Compressed tables use zlib 1.2.13
2025-01-03 23:44:54 0 [Note] InnoDB: Number of transaction pools: 1
2025-01-03 23:44:54 0 [Note] InnoDB: Using generic crc32 instructions
2025-01-03 23:44:54 0 [Note] libmariadbd-10.11.4.so: O_TMPFILE is not supported on /storage/emulated/0/Venter/HopWeb/Projects/后台个人网站/.hopweb/mysql/tmp (disabling future attempts)
2025-01-03 23:44:54 0 [Note] InnoDB: Initializing buffer pool, total size = 128.000MiB, chunk size = 2.000MiB
2025-01-03 23:44:54 0 [Note] InnoDB: Completed initialization of buffer pool
2025-01-03 23:44:54 0 [Note] InnoDB: Buffered log writes (block size=512 bytes)
2025-01-03 23:44:54 0 [Note] InnoDB: Starting crash recovery from checkpoint LSN=46590
2025-01-03 23:44:54 0 [Note] InnoDB: Starting final batch to recover 8 pages from redo log.
2025-01-03 23:44:54 0 [Note] InnoDB: 128 rollback segments are active.
2025-01-03 23:44:54 0 [Note] InnoDB: Removed temporary tablespace data file: "./ibtmp1"
2025-01-03 23:44:54 0 [Note] InnoDB: Setting file './ibtmp1' size to 12.000MiB. Physically writing the file full; Please wait ...
2025-01-03 23:44:54 0 [Note] InnoDB: File './ibtmp1' size is now 12.000MiB.
2025-01-03 23:44:54 0 [Note] InnoDB: log sequence number 47094; transaction id 16
2025-01-03 23:44:54 0 [Note] InnoDB: Loading buffer pool(s) from /storage/emulated/0/Venter/HopWeb/Projects/后台个人网站/.hopweb/mysql/data/ib_buffer_pool
2025-01-03 23:44:54 0 [Note] Plugin 'FEEDBACK' is disabled.
2025-01-03 23:44:54 0 [Note] InnoDB: Buffer pool(s) load completed at 250103 23:44:54
2025-01-03 23:44:54 0 [Note] Server socket created on IP: '::'.
2025-01-03 23:44:54 0 [Note] Server socket created on IP: '0.0.0.0'.
2025-01-03 23:44:54 0 [Note] /data/app/com.venter.hopweb-t9DwkilEAxwPFXleR6IcoQ==/lib/arm64/libmariadbd-10.11.4.so: ready for connections.
Version: '10.11.4-MariaDB'  socket: '/data/data/com.venter.hopweb/files/mysql/mysql.sock'  port: 3306  MariaDB Server
2025-01-04  2:24:39 0 [Note] Starting MariaDB 10.11.4-MariaDB source revision 4e2b93dffef2414a11ca5edc8d215f57ee5010e5 as process 5956
2025-01-04  2:24:39 0 [Note] InnoDB: Compressed tables use zlib 1.2.13
2025-01-04  2:24:39 0 [Note] InnoDB: Number of transaction pools: 1
2025-01-04  2:24:39 0 [Note] InnoDB: Using generic crc32 instructions
2025-01-04  2:24:39 0 [Note] libmariadbd-10.11.4.so: O_TMPFILE is not supported on /storage/emulated/0/Venter/HopWeb/Projects/后台个人网站/.hopweb/mysql/tmp (disabling future attempts)
2025-01-04  2:24:39 0 [Note] InnoDB: Initializing buffer pool, total size = 128.000MiB, chunk size = 2.000MiB
2025-01-04  2:24:39 0 [Note] InnoDB: Completed initialization of buffer pool
2025-01-04  2:24:39 0 [Note] InnoDB: Buffered log writes (block size=512 bytes)
2025-01-04  2:24:39 0 [Note] InnoDB: Starting crash recovery from checkpoint LSN=46590
2025-01-04  2:24:39 0 [Note] InnoDB: Starting final batch to recover 8 pages from redo log.
2025-01-04  2:24:39 0 [Note] InnoDB: 128 rollback segments are active.
2025-01-04  2:24:39 0 [Note] InnoDB: Removed temporary tablespace data file: "./ibtmp1"
2025-01-04  2:24:39 0 [Note] InnoDB: Setting file './ibtmp1' size to 12.000MiB. Physically writing the file full; Please wait ...
2025-01-04  2:24:40 0 [Note] InnoDB: File './ibtmp1' size is now 12.000MiB.
2025-01-04  2:24:40 0 [Note] InnoDB: log sequence number 47110; transaction id 16
2025-01-04  2:24:40 0 [Note] InnoDB: Loading buffer pool(s) from /storage/emulated/0/Venter/HopWeb/Projects/后台个人网站/.hopweb/mysql/data/ib_buffer_pool
2025-01-04  2:24:40 0 [Note] Plugin 'FEEDBACK' is disabled.
2025-01-04  2:24:40 0 [Note] InnoDB: Buffer pool(s) load completed at 250104  2:24:40
2025-01-04  2:24:40 0 [Note] Server socket created on IP: '::'.
2025-01-04  2:24:40 0 [Note] Server socket created on IP: '0.0.0.0'.
2025-01-04  2:24:40 0 [Note] /data/app/com.venter.hopweb-t9DwkilEAxwPFXleR6IcoQ==/lib/arm64/libmariadbd-10.11.4.so: ready for connections.
Version: '10.11.4-MariaDB'  socket: '/data/data/com.venter.hopweb/files/mysql/mysql.sock'  port: 3306  MariaDB Server
2025-01-04  2:55:34 0 [Note] Starting MariaDB 10.11.4-MariaDB source revision 4e2b93dffef2414a11ca5edc8d215f57ee5010e5 as process 12929
2025-01-04  2:55:34 0 [Note] InnoDB: Compressed tables use zlib 1.2.13
2025-01-04  2:55:34 0 [Note] InnoDB: Number of transaction pools: 1
2025-01-04  2:55:34 0 [Note] InnoDB: Using generic crc32 instructions
2025-01-04  2:55:34 0 [Note] libmariadbd-10.11.4.so: O_TMPFILE is not supported on /storage/emulated/0/Venter/HopWeb/Projects/后台个人网站/.hopweb/mysql/tmp (disabling future attempts)
2025-01-04  2:55:34 0 [Note] InnoDB: Initializing buffer pool, total size = 128.000MiB, chunk size = 2.000MiB
2025-01-04  2:55:34 0 [Note] InnoDB: Completed initialization of buffer pool
2025-01-04  2:55:34 0 [Note] InnoDB: Buffered log writes (block size=512 bytes)
2025-01-04  2:55:34 0 [Note] InnoDB: Starting crash recovery from checkpoint LSN=46590
2025-01-04  2:55:34 0 [Note] InnoDB: Starting final batch to recover 8 pages from redo log.
2025-01-04  2:55:34 0 [Note] InnoDB: 128 rollback segments are active.
2025-01-04  2:55:34 0 [Note] InnoDB: Removed temporary tablespace data file: "./ibtmp1"
2025-01-04  2:55:34 0 [Note] InnoDB: Setting file './ibtmp1' size to 12.000MiB. Physically writing the file full; Please wait ...
2025-01-04  2:55:34 0 [Note] InnoDB: File './ibtmp1' size is now 12.000MiB.
2025-01-04  2:55:34 0 [Note] InnoDB: log sequence number 47126; transaction id 16
2025-01-04  2:55:34 0 [Note] Plugin 'FEEDBACK' is disabled.
2025-01-04  2:55:34 0 [Note] InnoDB: Loading buffer pool(s) from /storage/emulated/0/Venter/HopWeb/Projects/后台个人网站/.hopweb/mysql/data/ib_buffer_pool
2025-01-04  2:55:34 0 [Note] InnoDB: Buffer pool(s) load completed at 250104  2:55:34
2025-01-04  2:55:34 0 [Note] Server socket created on IP: '::'.
2025-01-04  2:55:34 0 [Note] Server socket created on IP: '0.0.0.0'.
2025-01-04  2:55:34 0 [Note] /data/app/com.venter.hopweb-t9DwkilEAxwPFXleR6IcoQ==/lib/arm64/libmariadbd-10.11.4.so: ready for connections.
Version: '10.11.4-MariaDB'  socket: '/data/data/com.venter.hopweb/files/mysql/mysql.sock'  port: 3306  MariaDB Server
2025-01-04  9:51:30 0 [Note] Starting MariaDB 10.11.4-MariaDB source revision 4e2b93dffef2414a11ca5edc8d215f57ee5010e5 as process 26276
2025-01-04  9:51:30 0 [Note] InnoDB: Compressed tables use zlib 1.2.13
2025-01-04  9:51:30 0 [Note] InnoDB: Number of transaction pools: 1
2025-01-04  9:51:30 0 [Note] InnoDB: Using generic crc32 instructions
2025-01-04  9:51:30 0 [Note] libmariadbd-10.11.4.so: O_TMPFILE is not supported on /storage/emulated/0/Venter/HopWeb/Projects/后台个人网站/.hopweb/mysql/tmp (disabling future attempts)
2025-01-04  9:51:30 0 [Note] InnoDB: Initializing buffer pool, total size = 128.000MiB, chunk size = 2.000MiB
2025-01-04  9:51:30 0 [Note] InnoDB: Completed initialization of buffer pool
2025-01-04  9:51:30 0 [Note] InnoDB: Buffered log writes (block size=512 bytes)
2025-01-04  9:51:30 0 [Note] InnoDB: Starting crash recovery from checkpoint LSN=46590
2025-01-04  9:51:30 0 [Note] InnoDB: Starting final batch to recover 8 pages from redo log.
2025-01-04  9:51:30 0 [Note] InnoDB: 128 rollback segments are active.
2025-01-04  9:51:30 0 [Note] InnoDB: Removed temporary tablespace data file: "./ibtmp1"
2025-01-04  9:51:30 0 [Note] InnoDB: Setting file './ibtmp1' size to 12.000MiB. Physically writing the file full; Please wait ...
2025-01-04  9:51:30 0 [Note] InnoDB: File './ibtmp1' size is now 12.000MiB.
2025-01-04  9:51:30 0 [Note] InnoDB: log sequence number 47142; transaction id 16
2025-01-04  9:51:30 0 [Note] InnoDB: Loading buffer pool(s) from /storage/emulated/0/Venter/HopWeb/Projects/后台个人网站/.hopweb/mysql/data/ib_buffer_pool
2025-01-04  9:51:30 0 [Note] Plugin 'FEEDBACK' is disabled.
2025-01-04  9:51:30 0 [Note] InnoDB: Buffer pool(s) load completed at 250104  9:51:30
2025-01-04  9:51:30 0 [Note] Server socket created on IP: '::'.
2025-01-04  9:51:30 0 [Note] Server socket created on IP: '0.0.0.0'.
2025-01-04  9:51:30 0 [Note] /data/app/com.venter.hopweb-t9DwkilEAxwPFXleR6IcoQ==/lib/arm64/libmariadbd-10.11.4.so: ready for connections.
Version: '10.11.4-MariaDB'  socket: '/data/data/com.venter.hopweb/files/mysql/mysql.sock'  port: 3306  MariaDB Server
2025-01-04 10:10:16 0 [Note] /data/app/com.venter.hopweb-t9DwkilEAxwPFXleR6IcoQ==/lib/arm64/libmariadbd-10.11.4.so (initiated by: unknown): Normal shutdown
2025-01-04 10:10:16 0 [Note] InnoDB: FTS optimize thread exiting.
2025-01-04 10:10:16 0 [Note] InnoDB: Starting shutdown...
2025-01-04 10:10:16 0 [Note] InnoDB: Dumping buffer pool(s) to /storage/emulated/0/Venter/HopWeb/Projects/后台个人网站/.hopweb/mysql/data/ib_buffer_pool
2025-01-04 10:10:16 0 [Note] InnoDB: Buffer pool(s) dump completed at 250104 10:10:16
2025-01-04 10:10:16 0 [Note] InnoDB: Removed temporary tablespace data file: "./ibtmp1"
2025-01-04 10:10:16 0 [Note] InnoDB: Shutdown completed; log sequence number 47174; transaction id 17
2025-01-04 10:10:17 0 [Note] /data/app/com.venter.hopweb-t9DwkilEAxwPFXleR6IcoQ==/lib/arm64/libmariadbd-10.11.4.so: Shutdown complete

2025-01-04 21:32:26 0 [Note] Starting MariaDB 10.11.4-MariaDB source revision 4e2b93dffef2414a11ca5edc8d215f57ee5010e5 as process 8874
2025-01-04 21:32:26 0 [Note] InnoDB: Compressed tables use zlib 1.2.13
2025-01-04 21:32:26 0 [Note] InnoDB: Number of transaction pools: 1
2025-01-04 21:32:26 0 [Note] InnoDB: Using generic crc32 instructions
2025-01-04 21:32:26 0 [Note] libmariadbd-10.11.4.so: O_TMPFILE is not supported on /storage/emulated/0/Venter/HopWeb/Projects/后台个人网站/.hopweb/mysql/tmp (disabling future attempts)
2025-01-04 21:32:26 0 [Note] InnoDB: Initializing buffer pool, total size = 128.000MiB, chunk size = 2.000MiB
2025-01-04 21:32:26 0 [Note] InnoDB: Completed initialization of buffer pool
2025-01-04 21:32:26 0 [Note] InnoDB: Buffered log writes (block size=512 bytes)
2025-01-04 21:32:26 0 [Note] InnoDB: 128 rollback segments are active.
2025-01-04 21:32:26 0 [Note] InnoDB: Setting file './ibtmp1' size to 12.000MiB. Physically writing the file full; Please wait ...
2025-01-04 21:32:26 0 [Note] InnoDB: File './ibtmp1' size is now 12.000MiB.
2025-01-04 21:32:26 0 [Note] InnoDB: log sequence number 47174; transaction id 16
2025-01-04 21:32:26 0 [Note] InnoDB: Loading buffer pool(s) from /storage/emulated/0/Venter/HopWeb/Projects/后台个人网站/.hopweb/mysql/data/ib_buffer_pool
2025-01-04 21:32:26 0 [Note] Plugin 'FEEDBACK' is disabled.
2025-01-04 21:32:26 0 [Note] InnoDB: Buffer pool(s) load completed at 250104 21:32:26
2025-01-04 21:32:26 0 [Note] Server socket created on IP: '::'.
2025-01-04 21:32:26 0 [Note] Server socket created on IP: '0.0.0.0'.
2025-01-04 21:32:26 0 [Note] /data/app/com.venter.hopweb-t9DwkilEAxwPFXleR6IcoQ==/lib/arm64/libmariadbd-10.11.4.so: ready for connections.
Version: '10.11.4-MariaDB'  socket: '/data/data/com.venter.hopweb/files/mysql/mysql.sock'  port: 3306  MariaDB Server
2025-01-04 21:42:25 0 [Note] Starting MariaDB 10.11.4-MariaDB source revision 4e2b93dffef2414a11ca5edc8d215f57ee5010e5 as process 18478
2025-01-04 21:42:25 0 [Note] InnoDB: Compressed tables use zlib 1.2.13
2025-01-04 21:42:25 0 [Note] InnoDB: Number of transaction pools: 1
2025-01-04 21:42:25 0 [Note] InnoDB: Using generic crc32 instructions
2025-01-04 21:42:25 0 [Note] libmariadbd-10.11.4.so: O_TMPFILE is not supported on /storage/emulated/0/Venter/HopWeb/Projects/后台个人网站/.hopweb/mysql/tmp (disabling future attempts)
2025-01-04 21:42:25 0 [Note] InnoDB: Initializing buffer pool, total size = 128.000MiB, chunk size = 2.000MiB
2025-01-04 21:42:25 0 [Note] InnoDB: Completed initialization of buffer pool
2025-01-04 21:42:25 0 [Note] InnoDB: Buffered log writes (block size=512 bytes)
2025-01-04 21:42:25 0 [Note] InnoDB: 128 rollback segments are active.
2025-01-04 21:42:25 0 [Note] InnoDB: Removed temporary tablespace data file: "./ibtmp1"
2025-01-04 21:42:25 0 [Note] InnoDB: Setting file './ibtmp1' size to 12.000MiB. Physically writing the file full; Please wait ...
2025-01-04 21:42:25 0 [Note] InnoDB: File './ibtmp1' size is now 12.000MiB.
2025-01-04 21:42:25 0 [Note] InnoDB: log sequence number 47174; transaction id 16
2025-01-04 21:42:25 0 [Note] InnoDB: Loading buffer pool(s) from /storage/emulated/0/Venter/HopWeb/Projects/后台个人网站/.hopweb/mysql/data/ib_buffer_pool
2025-01-04 21:42:25 0 [Note] Plugin 'FEEDBACK' is disabled.
2025-01-04 21:42:25 0 [Note] InnoDB: Buffer pool(s) load completed at 250104 21:42:25
2025-01-04 21:42:25 0 [Note] Server socket created on IP: '::'.
2025-01-04 21:42:25 0 [Note] Server socket created on IP: '0.0.0.0'.
2025-01-04 21:42:25 0 [Note] /data/app/com.venter.hopweb-t9DwkilEAxwPFXleR6IcoQ==/lib/arm64/libmariadbd-10.11.4.so: ready for connections.
Version: '10.11.4-MariaDB'  socket: '/data/data/com.venter.hopweb/files/mysql/mysql.sock'  port: 3306  MariaDB Server
2025-01-04 22:14:10 0 [Note] Starting MariaDB 10.11.4-MariaDB source revision 4e2b93dffef2414a11ca5edc8d215f57ee5010e5 as process 28174
2025-01-04 22:14:10 0 [Note] InnoDB: Compressed tables use zlib 1.2.13
2025-01-04 22:14:10 0 [Note] InnoDB: Number of transaction pools: 1
2025-01-04 22:14:10 0 [Note] InnoDB: Using generic crc32 instructions
2025-01-04 22:14:10 0 [Note] libmariadbd-10.11.4.so: O_TMPFILE is not supported on /storage/emulated/0/Venter/HopWeb/Projects/后台个人网站/.hopweb/mysql/tmp (disabling future attempts)
2025-01-04 22:14:10 0 [Note] InnoDB: Initializing buffer pool, total size = 128.000MiB, chunk size = 2.000MiB
2025-01-04 22:14:10 0 [Note] InnoDB: Completed initialization of buffer pool
2025-01-04 22:14:10 0 [Note] InnoDB: Buffered log writes (block size=512 bytes)
2025-01-04 22:14:10 0 [Note] InnoDB: 128 rollback segments are active.
2025-01-04 22:14:10 0 [Note] InnoDB: Removed temporary tablespace data file: "./ibtmp1"
2025-01-04 22:14:10 0 [Note] InnoDB: Setting file './ibtmp1' size to 12.000MiB. Physically writing the file full; Please wait ...
2025-01-04 22:14:10 0 [Note] InnoDB: File './ibtmp1' size is now 12.000MiB.
2025-01-04 22:14:10 0 [Note] InnoDB: log sequence number 47174; transaction id 16
2025-01-04 22:14:10 0 [Note] InnoDB: Loading buffer pool(s) from /storage/emulated/0/Venter/HopWeb/Projects/后台个人网站/.hopweb/mysql/data/ib_buffer_pool
2025-01-04 22:14:10 0 [Note] Plugin 'FEEDBACK' is disabled.
2025-01-04 22:14:10 0 [Note] InnoDB: Buffer pool(s) load completed at 250104 22:14:10
2025-01-04 22:14:10 0 [Note] Server socket created on IP: '::'.
2025-01-04 22:14:10 0 [Note] Server socket created on IP: '0.0.0.0'.
2025-01-04 22:14:11 0 [Note] /data/app/com.venter.hopweb-t9DwkilEAxwPFXleR6IcoQ==/lib/arm64/libmariadbd-10.11.4.so: ready for connections.
Version: '10.11.4-MariaDB'  socket: '/data/data/com.venter.hopweb/files/mysql/mysql.sock'  port: 3306  MariaDB Server
2025-01-04 22:32:55 0 [Note] Starting MariaDB 10.11.4-MariaDB source revision 4e2b93dffef2414a11ca5edc8d215f57ee5010e5 as process 7005
2025-01-04 22:32:55 0 [Note] InnoDB: Compressed tables use zlib 1.2.13
2025-01-04 22:32:55 0 [Note] InnoDB: Number of transaction pools: 1
2025-01-04 22:32:55 0 [Note] InnoDB: Using generic crc32 instructions
2025-01-04 22:32:55 0 [Note] libmariadbd-10.11.4.so: O_TMPFILE is not supported on /storage/emulated/0/Venter/HopWeb/Projects/后台个人网站/.hopweb/mysql/tmp (disabling future attempts)
2025-01-04 22:32:55 0 [Note] InnoDB: Initializing buffer pool, total size = 128.000MiB, chunk size = 2.000MiB
2025-01-04 22:32:55 0 [Note] InnoDB: Completed initialization of buffer pool
2025-01-04 22:32:55 0 [Note] InnoDB: Buffered log writes (block size=512 bytes)
2025-01-04 22:32:55 0 [Note] InnoDB: 128 rollback segments are active.
2025-01-04 22:32:55 0 [Note] InnoDB: Removed temporary tablespace data file: "./ibtmp1"
2025-01-04 22:32:55 0 [Note] InnoDB: Setting file './ibtmp1' size to 12.000MiB. Physically writing the file full; Please wait ...
2025-01-04 22:32:55 0 [Note] InnoDB: File './ibtmp1' size is now 12.000MiB.
2025-01-04 22:32:55 0 [Note] InnoDB: log sequence number 47174; transaction id 16
2025-01-04 22:32:55 0 [Note] Plugin 'FEEDBACK' is disabled.
2025-01-04 22:32:55 0 [Note] InnoDB: Loading buffer pool(s) from /storage/emulated/0/Venter/HopWeb/Projects/后台个人网站/.hopweb/mysql/data/ib_buffer_pool
2025-01-04 22:32:55 0 [Note] InnoDB: Buffer pool(s) load completed at 250104 22:32:55
2025-01-04 22:32:55 0 [Note] Server socket created on IP: '::'.
2025-01-04 22:32:55 0 [Note] Server socket created on IP: '0.0.0.0'.
2025-01-04 22:32:55 0 [Note] /data/app/com.venter.hopweb-t9DwkilEAxwPFXleR6IcoQ==/lib/arm64/libmariadbd-10.11.4.so: ready for connections.
Version: '10.11.4-MariaDB'  socket: '/data/data/com.venter.hopweb/files/mysql/mysql.sock'  port: 3306  MariaDB Server
